\BOOKMARK [0][-]{chapter*.5}{Introduzione}{}% 1
\BOOKMARK [0][-]{chapter.1}{Descrizione\040dello\040stage}{}% 2
\BOOKMARK [1][-]{section.1.1}{Progetto\040di\040stage}{chapter.1}% 3
\BOOKMARK [1][-]{section.1.2}{Azienda}{chapter.1}% 4
\BOOKMARK [1][-]{section.1.3}{Introduzione\040al\040progetto}{chapter.1}% 5
\BOOKMARK [1][-]{section.1.4}{Obiettivi}{chapter.1}% 6
\BOOKMARK [0][-]{chapter.2}{Tecnologie\040utilizzate}{}% 7
\BOOKMARK [1][-]{section.2.1}{Git}{chapter.2}% 8
\BOOKMARK [1][-]{section.2.2}{Java}{chapter.2}% 9
\BOOKMARK [1][-]{section.2.3}{Eclipse}{chapter.2}% 10
\BOOKMARK [1][-]{section.2.4}{Framework\040Spring}{chapter.2}% 11
\BOOKMARK [2][-]{subsection.2.4.1}{Spring\040Boot}{section.2.4}% 12
\BOOKMARK [2][-]{subsection.2.4.2}{Spring\040Data}{section.2.4}% 13
\BOOKMARK [1][-]{section.2.5}{Azure}{chapter.2}% 14
\BOOKMARK [1][-]{section.2.6}{MySQL}{chapter.2}% 15
\BOOKMARK [1][-]{section.2.7}{Kong\040Gateway}{chapter.2}% 16
\BOOKMARK [1][-]{section.2.8}{Lua}{chapter.2}% 17
\BOOKMARK [1][-]{section.2.9}{Docker}{chapter.2}% 18
\BOOKMARK [1][-]{section.2.10}{Postman}{chapter.2}% 19
\BOOKMARK [0][-]{chapter.3}{Analisi\040dei\040requisiti}{}% 20
\BOOKMARK [1][-]{section.3.1}{Casi\040d'uso}{chapter.3}% 21
\BOOKMARK [0][-]{chapter.4}{Progettazione\040e\040sviluppo}{}% 22
\BOOKMARK [1][-]{section.4.1}{Introduzione\040ai\040microservizi}{chapter.4}% 23
\BOOKMARK [1][-]{section.4.2}{Introduzione\040a\040Kong\040Gateway}{chapter.4}% 24
\BOOKMARK [1][-]{section.4.3}{Architettura\040del\040progetto}{chapter.4}% 25
\BOOKMARK [1][-]{section.4.4}{Architettura\040del\040microservizio}{chapter.4}% 26
\BOOKMARK [2][-]{subsection.4.4.1}{Sviluppo\040del\040microservizio}{section.4.4}% 27
\BOOKMARK [1][-]{section.4.5}{Architettura\040del\040plugin}{chapter.4}% 28
\BOOKMARK [2][-]{subsection.4.5.1}{Sviluppo\040del\040plugin}{section.4.5}% 29
\BOOKMARK [0][-]{chapter.5}{Testing}{}% 30
\BOOKMARK [0][-]{chapter*.10}{Conclusione}{}% 31
\BOOKMARK [0][-]{appendix.Alph1}{Appendice}{}% 32
